<?xml version="1.0" encoding="UTF-8"?>
<robot generator="Robot 3.2.2.1 (Python 3.7.3 on win32)" generated="20210612 23:10:28.652" rpa="false">
<suite id="s1" name="PracticeRobot" source="C:\UTF\UTF\PracticeRobot">
<suite id="s1-s1" name="TestCases" source="C:\UTF\UTF\PracticeRobot\TestCases">
<suite id="s1-s1-s1" name="FtirstTC" source="C:\UTF\UTF\PracticeRobot\TestCases\FtirstTC.robot">
<test id="s1-s1-s1-t1" name="My_Third_TC">
<kw name="Log" library="BuiltIn" type="setup">
<doc>Logs the given message with the given level.</doc>
<arguments>
<arg>${TEST_NAME}</arg>
</arguments>
<msg timestamp="20210612 23:10:29.141" level="INFO">My_Third_TC</msg>
<status status="PASS" starttime="20210612 23:10:29.140" endtime="20210612 23:10:29.141"></status>
</kw>
<kw name="Log To Console" library="BuiltIn">
<doc>Logs the given message to the console.</doc>
<arguments>
<arg>${\n}Third_TESTCASE</arg>
</arguments>
<status status="PASS" starttime="20210612 23:10:29.142" endtime="20210612 23:10:29.142"></status>
</kw>
<status status="PASS" starttime="20210612 23:10:29.140" endtime="20210612 23:10:29.143" critical="yes"></status>
</test>
<status status="PASS" starttime="20210612 23:10:28.721" endtime="20210612 23:10:29.143"></status>
</suite>
<status status="PASS" starttime="20210612 23:10:28.717" endtime="20210612 23:10:29.145"></status>
</suite>
<status status="PASS" starttime="20210612 23:10:28.694" endtime="20210612 23:10:29.145"></status>
</suite>
<statistics>
<total>
<stat pass="1" fail="0">Critical Tests</stat>
<stat pass="1" fail="0">All Tests</stat>
</total>
<tag>
</tag>
<suite>
<stat pass="1" fail="0" id="s1" name="PracticeRobot">PracticeRobot</stat>
<stat pass="1" fail="0" id="s1-s1" name="TestCases">PracticeRobot.TestCases</stat>
<stat pass="1" fail="0" id="s1-s1-s1" name="FtirstTC">PracticeRobot.TestCases.FtirstTC</stat>
</suite>
</statistics>
<errors>
</errors>
</robot>
